<?xml version="1.0" encoding="UTF-8"?>
<coverage generated="1653364434702" clover="3.2.0">
  <project timestamp="1653364434702" name="All files">
    <metrics statements="26" coveredstatements="25" conditionals="6" coveredconditionals="4" methods="8" coveredmethods="8" elements="40" coveredelements="37" complexity="0" loc="26" ncloc="26" packages="1" files="2" classes="2"/>
    <file name="promise.function.js" path="/Users/wangcheng/Desktop/mytests/mytests/src/promise.function.js">
      <metrics statements="25" coveredstatements="24" conditionals="6" coveredconditionals="4" methods="7" coveredmethods="7"/>
      <line num="1" count="1" type="stmt"/>
      <line num="2" count="1" type="stmt"/>
      <line num="3" count="1" type="stmt"/>
      <line num="4" count="1" type="stmt"/>
      <line num="5" count="1" type="stmt"/>
      <line num="6" count="1" type="stmt"/>
      <line num="7" count="3" type="stmt"/>
      <line num="8" count="3" type="stmt"/>
      <line num="9" count="3" type="stmt"/>
      <line num="10" count="3" type="cond" truecount="2" falsecount="0"/>
      <line num="17" count="1" type="stmt"/>
      <line num="18" count="1" type="stmt"/>
      <line num="19" count="1" type="stmt"/>
      <line num="20" count="1" type="stmt"/>
      <line num="21" count="1" type="stmt"/>
      <line num="22" count="1" type="stmt"/>
      <line num="23" count="2" type="stmt"/>
      <line num="24" count="1" type="stmt"/>
      <line num="25" count="1" type="stmt"/>
      <line num="29" count="1" type="cond" truecount="1" falsecount="1"/>
      <line num="30" count="0" type="stmt"/>
      <line num="33" count="1" type="stmt"/>
      <line num="34" count="1" type="stmt"/>
      <line num="38" count="1" type="cond" truecount="1" falsecount="1"/>
      <line num="39" count="1" type="stmt"/>
    </file>
    <file name="sum.js" path="/Users/wangcheng/Desktop/mytests/mytests/src/sum.js">
      <metrics statements="1" coveredstatements="1" conditionals="0" coveredconditionals="0" methods="1" coveredmethods="1"/>
      <line num="2" count="1" type="stmt"/>
    </file>
  </project>
</coverage>
