{"/Users/wangcheng/Desktop/mytests/mytests/src/promise.function.js": {"path":"/Users/wangcheng/Desktop/mytests/mytests/src/promise.function.js","statementMap":{"0":{"start":{"line":1,"column":26},"end":{"line":14,"column":1}},"1":{"start":{"line":2,"column":2},"end":{"line":13,"column":4}},"2":{"start":{"line":3,"column":14},"end":{"line":3,"column":24}},"3":{"start":{"line":4,"column":20},"end":{"line":4,"column":21}},"4":{"start":{"line":5,"column":18},"end":{"line":5,"column":20}},"5":{"start":{"line":6,"column":4},"end":{"line":12,"column":5}},"6":{"start":{"line":6,"column":17},"end":{"line":6,"column":18}},"7":{"start":{"line":7,"column":6},"end":{"line":11,"column":8}},"8":{"start":{"line":8,"column":8},"end":{"line":8,"column":21}},"9":{"start":{"line":9,"column":8},"end":{"line":9,"column":27}},"10":{"start":{"line":10,"column":8},"end":{"line":10,"column":58}},"11":{"start":{"line":10,"column":33},"end":{"line":10,"column":58}},"12":{"start":{"line":17,"column":33},"end":{"line":44,"column":1}},"13":{"start":{"line":18,"column":2},"end":{"line":43,"column":4}},"14":{"start":{"line":19,"column":14},"end":{"line":19,"column":29}},"15":{"start":{"line":20,"column":17},"end":{"line":20,"column":18}},"16":{"start":{"line":21,"column":15},"end":{"line":21,"column":17}},"17":{"start":{"line":22,"column":4},"end":{"line":42,"column":5}},"18":{"start":{"line":22,"column":17},"end":{"line":22,"column":18}},"19":{"start":{"line":23,"column":6},"end":{"line":41,"column":8}},"20":{"start":{"line":24,"column":8},"end":{"line":24,"column":18}},"21":{"start":{"line":25,"column":8},"end":{"line":28,"column":9}},"22":{"start":{"line":29,"column":8},"end":{"line":31,"column":9}},"23":{"start":{"line":30,"column":10},"end":{"line":30,"column":25}},"24":{"start":{"line":33,"column":8},"end":{"line":33,"column":18}},"25":{"start":{"line":34,"column":8},"end":{"line":37,"column":9}},"26":{"start":{"line":38,"column":8},"end":{"line":40,"column":9}},"27":{"start":{"line":39,"column":10},"end":{"line":39,"column":25}}},"fnMap":{"0":{"name":"(anonymous_0)","decl":{"start":{"line":1,"column":26},"end":{"line":1,"column":27}},"loc":{"start":{"line":1,"column":35},"end":{"line":14,"column":1}},"line":1},"1":{"name":"(anonymous_1)","decl":{"start":{"line":2,"column":21},"end":{"line":2,"column":22}},"loc":{"start":{"line":2,"column":42},"end":{"line":13,"column":3}},"line":2},"2":{"name":"(anonymous_2)","decl":{"start":{"line":7,"column":35},"end":{"line":7,"column":36}},"loc":{"start":{"line":7,"column":43},"end":{"line":11,"column":7}},"line":7},"3":{"name":"(anonymous_3)","decl":{"start":{"line":17,"column":33},"end":{"line":17,"column":34}},"loc":{"start":{"line":17,"column":47},"end":{"line":44,"column":1}},"line":17},"4":{"name":"(anonymous_4)","decl":{"start":{"line":18,"column":21},"end":{"line":18,"column":22}},"loc":{"start":{"line":18,"column":42},"end":{"line":43,"column":3}},"line":18},"5":{"name":"(anonymous_5)","decl":{"start":{"line":23,"column":40},"end":{"line":23,"column":41}},"loc":{"start":{"line":23,"column":48},"end":{"line":32,"column":7}},"line":23},"6":{"name":"(anonymous_6)","decl":{"start":{"line":32,"column":15},"end":{"line":32,"column":16}},"loc":{"start":{"line":32,"column":22},"end":{"line":41,"column":7}},"line":32}},"branchMap":{"0":{"loc":{"start":{"line":10,"column":8},"end":{"line":10,"column":58}},"type":"if","locations":[{"start":{"line":10,"column":8},"end":{"line":10,"column":58}},{"start":{},"end":{}}],"line":10},"1":{"loc":{"start":{"line":29,"column":8},"end":{"line":31,"column":9}},"type":"if","locations":[{"start":{"line":29,"column":8},"end":{"line":31,"column":9}},{"start":{},"end":{}}],"line":29},"2":{"loc":{"start":{"line":38,"column":8},"end":{"line":40,"column":9}},"type":"if","locations":[{"start":{"line":38,"column":8},"end":{"line":40,"column":9}},{"start":{},"end":{}}],"line":38}},"s":{"0":1,"1":1,"2":1,"3":1,"4":1,"5":1,"6":1,"7":3,"8":3,"9":3,"10":3,"11":1,"12":1,"13":1,"14":1,"15":1,"16":1,"17":1,"18":1,"19":2,"20":1,"21":1,"22":1,"23":0,"24":1,"25":1,"26":1,"27":1},"f":{"0":1,"1":1,"2":3,"3":1,"4":1,"5":1,"6":1},"b":{"0":[1,2],"1":[0,1],"2":[1,0]},"_coverageSchema":"1a1c01bbd47fc00a2c39e90264f33305004495a9","hash":"bf7d16aa835a34a3dcea901ac22b5b9ff6457478"}
,"/Users/wangcheng/Desktop/mytests/mytests/src/sum.js": {"path":"/Users/wangcheng/Desktop/mytests/mytests/src/sum.js","statementMap":{"0":{"start":{"line":2,"column":2},"end":{"line":2,"column":14}}},"fnMap":{"0":{"name":"add","decl":{"start":{"line":1,"column":16},"end":{"line":1,"column":19}},"loc":{"start":{"line":1,"column":27},"end":{"line":3,"column":1}},"line":1}},"branchMap":{},"s":{"0":1},"f":{"0":1},"b":{},"_coverageSchema":"1a1c01bbd47fc00a2c39e90264f33305004495a9","hash":"1a75924b7e5883f5f2ca2069c75c0a61415065dd"}
}
